<?xml version="1.0" encoding="UTF-8"?>
<testsuite xmlns:xsi="http://www.w3.org/2001/XMLSchema-instance" xsi:schemaLocation="https://maven.apache.org/surefire/maven-surefire-plugin/xsd/surefire-test-report.xsd" name="com.example.newsservice.NewsServiceTest" time="1.7" tests="8" errors="0" skipped="0" failures="4">
  <properties>
    <property name="idea.version" value="2020.3.2"/>
    <property name="java.runtime.name" value="Java(TM) SE Runtime Environment"/>
    <property name="java.vm.version" value="15+36-1562"/>
    <property name="sun.boot.library.path" value="/Library/Java/JavaVirtualMachines/jdk-15.jdk/Contents/Home/lib"/>
    <property name="maven.multiModuleProjectDirectory" value="/Users/beyzayazici/Desktop/Beyza/newsService"/>
    <property name="java.vm.vendor" value="Oracle Corporation"/>
    <property name="java.vendor.url" value="https://java.oracle.com/"/>
    <property name="guice.disable.misplaced.annotation.check" value="true"/>
    <property name="path.separator" value=":"/>
    <property name="java.vm.name" value="Java HotSpot(TM) 64-Bit Server VM"/>
    <property name="user.country" value="TR"/>
    <property name="sun.java.launcher" value="SUN_STANDARD"/>
    <property name="java.vm.specification.name" value="Java Virtual Machine Specification"/>
    <property name="user.dir" value="/Users/beyzayazici/Desktop/Beyza/newsService"/>
    <property name="java.vm.compressedOopsMode" value="Zero based"/>
    <property name="java.runtime.version" value="15+36-1562"/>
    <property name="os.arch" value="x86_64"/>
    <property name="java.io.tmpdir" value="/var/folders/7m/cfjrx5r91m58q4w7gnd9781m0000gp/T/"/>
    <property name="line.separator" value="&#10;"/>
    <property name="java.vm.specification.vendor" value="Oracle Corporation"/>
    <property name="os.name" value="Mac OS X"/>
    <property name="maven.ext.class.path" value="/Applications/IntelliJ IDEA.app/Contents/plugins/maven/lib/maven-event-listener.jar"/>
    <property name="classworlds.conf" value="/Applications/IntelliJ IDEA.app/Contents/plugins/maven/lib/maven3/bin/m2.conf"/>
    <property name="sun.jnu.encoding" value="UTF-8"/>
    <property name="java.library.path" value="/Users/beyzayazici/Library/Java/Extensions:/Library/Java/Extensions:/Network/Library/Java/Extensions:/System/Library/Java/Extensions:/usr/lib/java:."/>
    <property name="maven.conf" value="/Applications/IntelliJ IDEA.app/Contents/plugins/maven/lib/maven3/conf"/>
    <property name="jdk.debug" value="release"/>
    <property name="java.class.version" value="59.0"/>
    <property name="java.specification.name" value="Java Platform API Specification"/>
    <property name="sun.management.compiler" value="HotSpot 64-Bit Tiered Compilers"/>
    <property name="os.version" value="10.16"/>
    <property name="http.nonProxyHosts" value="local|*.local|169.254/16|*.169.254/16"/>
    <property name="user.home" value="/Users/beyzayazici"/>
    <property name="user.timezone" value="Europe/Istanbul"/>
    <property name="file.encoding" value="UTF-8"/>
    <property name="java.specification.version" value="15"/>
    <property name="user.name" value="beyzayazici"/>
    <property name="java.class.path" value="/Applications/IntelliJ IDEA.app/Contents/plugins/maven/lib/maven3/boot/plexus-classworlds.license:/Applications/IntelliJ IDEA.app/Contents/plugins/maven/lib/maven3/boot/plexus-classworlds-2.6.0.jar"/>
    <property name="java.vm.specification.version" value="15"/>
    <property name="sun.arch.data.model" value="64"/>
    <property name="sun.java.command" value="org.codehaus.classworlds.Launcher -Didea.version=2020.3.2 --offline clean install"/>
    <property name="java.home" value="/Library/Java/JavaVirtualMachines/jdk-15.jdk/Contents/Home"/>
    <property name="user.language" value="en"/>
    <property name="java.specification.vendor" value="Oracle Corporation"/>
    <property name="java.vm.info" value="mixed mode, sharing"/>
    <property name="java.version" value="15"/>
    <property name="java.vendor" value="Oracle Corporation"/>
    <property name="maven.home" value="/Applications/IntelliJ IDEA.app/Contents/plugins/maven/lib/maven3"/>
    <property name="file.separator" value="/"/>
    <property name="java.version.date" value="2020-09-15"/>
    <property name="java.vendor.url.bug" value="https://bugreport.java.com/bugreport/"/>
    <property name="sun.io.unicode.encoding" value="UnicodeBig"/>
    <property name="sun.cpu.endian" value="little"/>
    <property name="socksNonProxyHosts" value="local|*.local|169.254/16|*.169.254/16"/>
    <property name="ftp.nonProxyHosts" value="local|*.local|169.254/16|*.169.254/16"/>
  </properties>
  <testcase name="normalizationLowerCaseControl" classname="com.example.newsservice.NewsServiceTest" time="0.252"/>
  <testcase name="ahoCorasickAlgorithmRuleControlWithRuleSet1" classname="com.example.newsservice.NewsServiceTest" time="1.116">
    <failure message="expected:&lt;[1]&gt; but was:&lt;[2]&gt;" type="org.junit.ComparisonFailure"><![CDATA[org.junit.ComparisonFailure: expected:<[1]> but was:<[2]>
	at com.example.newsservice.NewsServiceTest.ahoCorasickAlgorithmRuleControlWithRuleSet1(NewsServiceTest.java:49)
]]></failure>
  </testcase>
  <testcase name="normalizationStopWordsControl" classname="com.example.newsservice.NewsServiceTest" time="0"/>
  <testcase name="ahoCorasickAlgorithmRuleControl" classname="com.example.newsservice.NewsServiceTest" time="0.042">
    <failure message="expected:&lt;[1]&gt; but was:&lt;[2]&gt;" type="org.junit.ComparisonFailure"><![CDATA[org.junit.ComparisonFailure: expected:<[1]> but was:<[2]>
	at com.example.newsservice.NewsServiceTest.ahoCorasickAlgorithmRuleControl(NewsServiceTest.java:42)
]]></failure>
  </testcase>
  <testcase name="normalizationLowerCaseENControl" classname="com.example.newsservice.NewsServiceTest" time="0.001"/>
  <testcase name="normalizationNumbersControl" classname="com.example.newsservice.NewsServiceTest" time="0.002">
    <failure message="expected:&lt;&quot;i[l sağlık müdürlü]ğü&quot;&gt; but was:&lt;&quot;i[  l  s ağ l ı k   mü d ü r l ü ]ğü&quot;&gt;" type="org.junit.ComparisonFailure"><![CDATA[org.junit.ComparisonFailure: expected:<"i[l sağlık müdürlü]ğü"> but was:<"i[  l  s ağ l ı k   mü d ü r l ü ]ğü">
	at com.example.newsservice.NewsServiceTest.normalizationNumbersControl(NewsServiceTest.java:77)
]]></failure>
  </testcase>
  <testcase name="ahoCorasickAlgorithmControlWithConditionKeywords" classname="com.example.newsservice.NewsServiceTest" time="0.019"/>
  <testcase name="normalizationPunctuationControl" classname="com.example.newsservice.NewsServiceTest" time="0.006">
    <failure message="expected:&lt;&quot;i[l sağlık müdürlü]ğü&quot;&gt; but was:&lt;&quot;i[      l     sağl    ık  m    ü dü     rlü         ]ğü&quot;&gt;" type="org.junit.ComparisonFailure"><![CDATA[org.junit.ComparisonFailure: expected:<"i[l sağlık müdürlü]ğü"> but was:<"i[      l     sağl    ık  m    ü dü     rlü         ]ğü">
	at com.example.newsservice.NewsServiceTest.normalizationPunctuationControl(NewsServiceTest.java:83)
]]></failure>
  </testcase>
</testsuite>